#
# There is insufficient memory for the Java Runtime Environment to continue.
# Native memory allocation (mmap) failed to map 266338304 bytes for G1 virtual space
# Possible reasons:
#   The system is out of physical RAM or swap space
#   The process is running with CompressedOops enabled, and the Java Heap may be blocking the growth of the native heap
# Possible solutions:
#   Reduce memory load on the system
#   Increase physical memory or swap space
#   Check if swap backing store is full
#   Decrease Java heap size (-Xmx/-Xms)
#   Decrease number of Java threads
#   Decrease Java thread stack sizes (-Xss)
#   Set larger code cache with -XX:ReservedCodeCacheSize=
#   JVM is running with Zero Based Compressed Oops mode in which the Java heap is
#     placed in the first 32GB address space. The Java Heap base address is the
#     maximum limit for the native heap growth. Please use -XX:HeapBaseMinAddress
#     to set the Java Heap base and to place the Java Heap above 32GB virtual address.
# This output file may be truncated or incomplete.
#
#  Out of Memory Error (os_windows.cpp:3466), pid=21796, tid=14876
#
# JRE version:  (16.0.2+7) (build )
# Java VM: OpenJDK 64-Bit Server VM (16.0.2+7, mixed mode, sharing, tiered, compressed oops, compressed class ptrs, g1 gc, windows-amd64)
# No core dump will be written. Minidumps are not enabled by default on client versions of Windows
#

---------------  S U M M A R Y ------------

Command Line: --add-modules=javafx.controls,javafx.fxml --module-path=C:\Users\ocean\.gradle\caches\modules-2\files-2.1\org.openjfx\javafx-fxml\19.0.2.1\c44e191deb328c243f9e95a8d05622536b1017b1\javafx-fxml-19.0.2.1-win.jar;C:\Users\ocean\.gradle\caches\modules-2\files-2.1\org.openjfx\javafx-controls\19.0.2.1\78ac7de48d0aac48e7d5282efc81bab7f337b587\javafx-controls-19.0.2.1-win.jar;C:\Users\ocean\.gradle\caches\modules-2\files-2.1\org.openjfx\javafx-graphics\19.0.2.1\951ca77bd50ef4fd44f4b7fb1e38301088fde4e2\javafx-graphics-19.0.2.1-win.jar;C:\Users\ocean\.gradle\caches\modules-2\files-2.1\org.openjfx\javafx-base\19.0.2.1\f33d0776b2b027c2ea9267c184f9048ef94c4deb\javafx-base-19.0.2.1-win.jar -Dfile.encoding=windows-1252 -Duser.country=US -Duser.language=en -Duser.variant edu.duke.ece651.team8.client.App

Host: Intel(R) Core(TM) i5-8250U CPU @ 1.60GHz, 8 cores, 15G,  Windows 10 , 64 bit Build 19041 (10.0.19041.1889)
Time: Fri Apr  7 21:28:52 2023 Eastern Daylight Time elapsed time: 0.031842 seconds (0d 0h 0m 0s)

---------------  T H R E A D  ---------------

Current thread (0x00000251bdbba150):  JavaThread "Unknown thread" [_thread_in_vm, id=14876, stack(0x000000ad4f900000,0x000000ad4fa00000)]

Stack: [0x000000ad4f900000,0x000000ad4fa00000]
Native frames: (J=compiled Java code, j=interpreted, Vv=VM code, C=native code)
V  [jvm.dll+0x67918a]
V  [jvm.dll+0x82b819]
V  [jvm.dll+0x82cfce]
V  [jvm.dll+0x82d623]
V  [jvm.dll+0x24ec65]
V  [jvm.dll+0x675ed9]
V  [jvm.dll+0x66aaa5]
V  [jvm.dll+0x308ecb]
V  [jvm.dll+0x310046]
V  [jvm.dll+0x35ffde]
V  [jvm.dll+0x36020f]
V  [jvm.dll+0x2dfbb8]
V  [jvm.dll+0x2e0df4]
V  [jvm.dll+0x7fdb01]
V  [jvm.dll+0x36ddd1]
V  [jvm.dll+0x7db5c0]
V  [jvm.dll+0x3f290f]
V  [jvm.dll+0x3f46a1]
C  [jli.dll+0x52fb]
C  [ucrtbase.dll+0x21bb2]
C  [KERNEL32.DLL+0x17034]
C  [ntdll.dll+0x52651]


---------------  P R O C E S S  ---------------

Threads class SMR info:
_java_thread_list=0x00007ffee44413b8, length=0, elements={
}

Java Threads: ( => current thread )

Other Threads:
  0x00000251bdc03690 GCTaskThread "GC Thread#0" [stack: 0x000000ad4fa00000,0x000000ad4fb00000] [id=4288]
  0x00000251bdc14550 ConcurrentGCThread "G1 Main Marker" [stack: 0x000000ad4fb00000,0x000000ad4fc00000] [id=8844]
  0x00000251bdc16770 ConcurrentGCThread "G1 Conc#0" [stack: 0x000000ad4fc00000,0x000000ad4fd00000] [id=27792]

[error occurred during error reporting (printing all threads), id 0xc0000005, EXCEPTION_ACCESS_VIOLATION (0xc0000005) at pc=0x00007ffee3ba0ac7]

VM state: not at safepoint (not fully initialized)

VM Mutex/Monitor currently owned by a thread:  ([mutex/lock_event])
[0x00000251bdbb4870] Heap_lock - owner thread: 0x00000251bdbba150

Heap address: 0x0000000702800000, size: 4056 MB, Compressed Oops mode: Zero based, Oop shift amount: 3

CDS archive(s) mapped at: [0x0000000000000000-0x0000000000000000-0x0000000000000000), size 0, SharedBaseAddress: 0x0000000800000000, ArchiveRelocationMode: 0.
Narrow klass base: 0x0000000000000000, Narrow klass shift: 0, Narrow klass range: 0x0

GC Precious Log:
<Empty>

Heap:
 garbage-first heap   total 0K, used 0K [0x0000000702800000, 0x0000000800000000)
  region size 2048K, 0 young (0K), 0 survivors (0K)

[error occurred during error reporting (printing heap information), id 0xc0000005, EXCEPTION_ACCESS_VIOLATION (0xc0000005) at pc=0x00007ffee3f8320d]

GC Heap History (0 events):
No events

Deoptimization events (0 events):
No events

Classes unloaded (0 events):
No events

Classes redefined (0 events):
No events

Internal exceptions (0 events):
No events

Events (1 events):
Event: 0.017 Loaded shared library C:\Program Files\Eclipse Foundation\jdk-16.0.2.7-hotspot\bin\java.dll


Dynamic libraries:
0x00007ff7e5cc0000 - 0x00007ff7e5cce000 	C:\Program Files\Eclipse Foundation\jdk-16.0.2.7-hotspot\bin\java.exe
0x00007fff229f0000 - 0x00007fff22be8000 	C:\WINDOWS\SYSTEM32\ntdll.dll
0x00007fff21b10000 - 0x00007fff21bcd000 	C:\WINDOWS\System32\KERNEL32.DLL
0x00007fff20320000 - 0x00007fff205ee000 	C:\WINDOWS\System32\KERNELBASE.dll
0x00007fff20110000 - 0x00007fff20210000 	C:\WINDOWS\System32\ucrtbase.dll
0x00007fff1b0a0000 - 0x00007fff1b0b9000 	C:\Program Files\Eclipse Foundation\jdk-16.0.2.7-hotspot\bin\VCRUNTIME140.dll
0x00007fff1b110000 - 0x00007fff1b128000 	C:\Program Files\Eclipse Foundation\jdk-16.0.2.7-hotspot\bin\jli.dll
0x00007fff21230000 - 0x00007fff213d0000 	C:\WINDOWS\System32\USER32.dll
0x00007fff207c0000 - 0x00007fff207e2000 	C:\WINDOWS\System32\win32u.dll
0x00007fff228c0000 - 0x00007fff228ea000 	C:\WINDOWS\System32\GDI32.dll
0x00007fff0d980000 - 0x00007fff0dc1a000 	C:\WINDOWS\WinSxS\amd64_microsoft.windows.common-controls_6595b64144ccf1df_6.0.19041.1110_none_60b5254171f9507e\COMCTL32.dll
0x00007fff206b0000 - 0x00007fff207bb000 	C:\WINDOWS\System32\gdi32full.dll
0x00007fff21110000 - 0x00007fff211ae000 	C:\WINDOWS\System32\msvcrt.dll
0x00007fff20210000 - 0x00007fff202ad000 	C:\WINDOWS\System32\msvcp_win.dll
0x00007fff216c0000 - 0x00007fff216f0000 	C:\WINDOWS\System32\IMM32.DLL
0x00007fff18d20000 - 0x00007fff18d2c000 	C:\Program Files\Eclipse Foundation\jdk-16.0.2.7-hotspot\bin\vcruntime140_1.dll
0x00007ffef7210000 - 0x00007ffef72a1000 	C:\Program Files\Eclipse Foundation\jdk-16.0.2.7-hotspot\bin\msvcp140.dll
0x00007ffee38b0000 - 0x00007ffee44e7000 	C:\Program Files\Eclipse Foundation\jdk-16.0.2.7-hotspot\bin\server\jvm.dll
0x00007fff216f0000 - 0x00007fff2179e000 	C:\WINDOWS\System32\ADVAPI32.dll
0x00007fff21620000 - 0x00007fff216bc000 	C:\WINDOWS\System32\sechost.dll
0x00007fff21440000 - 0x00007fff21565000 	C:\WINDOWS\System32\RPCRT4.dll
0x00007fff217a0000 - 0x00007fff217a8000 	C:\WINDOWS\System32\PSAPI.DLL
0x00007fff12800000 - 0x00007fff12809000 	C:\WINDOWS\SYSTEM32\WSOCK32.dll
0x00007fff0f490000 - 0x00007fff0f4b7000 	C:\WINDOWS\SYSTEM32\WINMM.dll
0x00007fff213d0000 - 0x00007fff2143b000 	C:\WINDOWS\System32\WS2_32.dll
0x00007fff18c60000 - 0x00007fff18c6a000 	C:\WINDOWS\SYSTEM32\VERSION.dll
0x00007fff1e990000 - 0x00007fff1e9a2000 	C:\WINDOWS\SYSTEM32\kernel.appcore.dll
0x00007fff18d10000 - 0x00007fff18d1a000 	C:\Program Files\Eclipse Foundation\jdk-16.0.2.7-hotspot\bin\jimage.dll
0x00007fff1e640000 - 0x00007fff1e824000 	C:\WINDOWS\SYSTEM32\DBGHELP.DLL
0x00007fff0e1f0000 - 0x00007fff0e21c000 	C:\WINDOWS\SYSTEM32\dbgcore.DLL
0x00007fff20620000 - 0x00007fff206a2000 	C:\WINDOWS\System32\bcryptPrimitives.dll
0x00007fff18ce0000 - 0x00007fff18d05000 	C:\Program Files\Eclipse Foundation\jdk-16.0.2.7-hotspot\bin\java.dll

dbghelp: loaded successfully - version: 4.0.5 - missing functions: none
symbol engine: initialized successfully - sym options: 0x614 - pdb path: .;C:\Program Files\Eclipse Foundation\jdk-16.0.2.7-hotspot\bin;C:\WINDOWS\SYSTEM32;C:\WINDOWS\WinSxS\amd64_microsoft.windows.common-controls_6595b64144ccf1df_6.0.19041.1110_none_60b5254171f9507e;C:\Program Files\Eclipse Foundation\jdk-16.0.2.7-hotspot\bin\server

VM Arguments:
jvm_args: --add-modules=javafx.controls,javafx.fxml --module-path=C:\Users\ocean\.gradle\caches\modules-2\files-2.1\org.openjfx\javafx-fxml\19.0.2.1\c44e191deb328c243f9e95a8d05622536b1017b1\javafx-fxml-19.0.2.1-win.jar;C:\Users\ocean\.gradle\caches\modules-2\files-2.1\org.openjfx\javafx-controls\19.0.2.1\78ac7de48d0aac48e7d5282efc81bab7f337b587\javafx-controls-19.0.2.1-win.jar;C:\Users\ocean\.gradle\caches\modules-2\files-2.1\org.openjfx\javafx-graphics\19.0.2.1\951ca77bd50ef4fd44f4b7fb1e38301088fde4e2\javafx-graphics-19.0.2.1-win.jar;C:\Users\ocean\.gradle\caches\modules-2\files-2.1\org.openjfx\javafx-base\19.0.2.1\f33d0776b2b027c2ea9267c184f9048ef94c4deb\javafx-base-19.0.2.1-win.jar -Dfile.encoding=windows-1252 -Duser.country=US -Duser.language=en -Duser.variant 
java_command: edu.duke.ece651.team8.client.App
java_class_path (initial): T:\spring2023\ECE651\proj\ece651-sp23-team8-riskgame\ece651-sp23-team8-riskgame\gradle-skeleton\client\build\classes\java\main;T:\spring2023\ECE651\proj\ece651-sp23-team8-riskgame\ece651-sp23-team8-riskgame\gradle-skeleton\client\build\classes\kotlin\main;T:\spring2023\ECE651\proj\ece651-sp23-team8-riskgame\ece651-sp23-team8-riskgame\gradle-skeleton\client\build\resources\main;T:\spring2023\ECE651\proj\ece651-sp23-team8-riskgame\ece651-sp23-team8-riskgame\gradle-skeleton\shared\build\libs\shared.jar;C:\Users\ocean\.gradle\caches\modules-2\files-2.1\com.google.guava\guava\30.1.1-jre\87e0fd1df874ea3cbe577702fe6f17068b790fd8\guava-30.1.1-jre.jar;C:\Users\ocean\.gradle\caches\modules-2\files-2.1\org.jetbrains.kotlin\kotlin-stdlib-jdk8\1.8.20\73576ddf378c5b4f1f6b449fe6b119b8183fc078\kotlin-stdlib-jdk8-1.8.20.jar;C:\Users\ocean\.gradle\caches\modules-2\files-2.1\com.google.guava\failureaccess\1.0.1\1dcf1de382a0bf95a3d8b0849546c88bac1292c9\failureaccess-1.0.1.jar;C:\Users\ocean\.gradle\caches\modules-2\files-2.1\com.google.guava\listenablefuture\9999.0-empty-to-avoid-conflict-with-guava\b421526c5f297295adef1c886e5246c39d4ac629\listenablefuture-9999.0-empty-to-avoid-conflict-with-guava.jar;C:\Users\ocean\.gradle\caches\modules-2\files-2.1\com.google.code.findbugs\jsr305\3.0.2\25ea2e8b0c338a877313bd4672d3fe056ea78f0d\jsr305-3.0.2.jar;C:\Users\ocean\.gradle\caches\modules-2\files-2.1\org.checkerframework\checker-qual\3.8.0\6b83e4a33220272c3a08991498ba9dc09519f190\checker-qual-3.8.0.jar;C:\Users\ocean\.gradle\caches\modules-2\files-2.1\com.google.errorprone\error_prone_annotations\2.5.1\562d366678b89ce5d6b6b82c1a073880341e3fba\error_prone_annotations-2.5.1.jar;C:\Users\ocean\.gradle\caches\modules-2\files-2.1\com.google.j2objc\j2objc-annotations\1.3\ba035118bc8bac37d7eff77700720999acd9986d\j2objc-annotations-1.3.jar;C:\Users\ocean\.gradle\caches\modules-2\files-2.1\org.jetbrains.kotlin\kotlin-stdlib-jdk7\1.8.20\3aa51faf20aae8b31e1a4bc54f8370673d7b7
Launcher Type: SUN_STANDARD

[Global flags]
     intx CICompilerCount                          = 4                                         {product} {ergonomic}
     uint ConcGCThreads                            = 2                                         {product} {ergonomic}
     uint G1ConcRefinementThreads                  = 8                                         {product} {ergonomic}
   size_t G1HeapRegionSize                         = 2097152                                   {product} {ergonomic}
    uintx GCDrainStackTargetSize                   = 64                                        {product} {ergonomic}
   size_t InitialHeapSize                          = 266338304                                 {product} {ergonomic}
   size_t MarkStackSize                            = 4194304                                   {product} {ergonomic}
   size_t MaxHeapSize                              = 4253024256                                {product} {ergonomic}
   size_t MinHeapDeltaBytes                        = 2097152                                   {product} {ergonomic}
   size_t MinHeapSize                              = 8388608                                   {product} {ergonomic}
    uintx NonNMethodCodeHeapSize                   = 5839372                                {pd product} {ergonomic}
    uintx NonProfiledCodeHeapSize                  = 122909434                              {pd product} {ergonomic}
    uintx ProfiledCodeHeapSize                     = 122909434                              {pd product} {ergonomic}
    uintx ReservedCodeCacheSize                    = 251658240                              {pd product} {ergonomic}
     bool SegmentedCodeCache                       = true                                      {product} {ergonomic}
   size_t SoftMaxHeapSize                          = 4253024256                             {manageable} {ergonomic}
     bool UseCompressedClassPointers               = true                           {product lp64_product} {ergonomic}
     bool UseCompressedOops                        = true                           {product lp64_product} {ergonomic}
     bool UseG1GC                                  = true                                      {product} {ergonomic}
     bool UseLargePagesIndividualAllocation        = false                                  {pd product} {ergonomic}

Logging:
Log output configuration:
 #0: stdout all=warning uptime,level,tags
 #1: stderr all=off uptime,level,tags

Environment Variables:
JAVA_HOME=C:\Program Files\Eclipse Foundation\jdk-16.0.2.7-hotspot\
CLASSPATH=T:\spring2023\ECE651\proj\ece651-sp23-team8-riskgame\ece651-sp23-team8-riskgame\gradle-skeleton\\gradle\wrapper\gradle-wrapper.jar
PATH=C:\Users\ocean\Downloads\gradle-7.3.3-bin\gradle-7.3.3\bin;C:\Program Files (x86)\Common Files\Oracle\Java\javapath;"C:\Program Files (x86)\Common Files\Oracle\Java\javapath; C:\Program Files\Eclipse Foundation\jdk-16.0.2.7-hotspot\\bin;C:\Program Files\Eclipse Foundation\jdk-16.0.2.7-hotspot\\jre\bin;";C:\Program Files (x86)\Intel\iCLS Client\;C:\Program Files\Intel\iCLS Client\;C:\WINDOWS\system32;C:\WINDOWS;C:\WINDOWS\System32\Wbem;C:\WINDOWS\System32\WindowsPowerShell\v1.0\;C:\Program Files (x86)\Intel\Intel(R) Management Engine Components\DAL;C:\Program Files\Intel\Intel(R) Management Engine Components\DAL;C:\Program Files (x86)\Intel\Intel(R) Management Engine Components\IPT;C:\Program Files\Intel\Intel(R) Management Engine Components\IPT;C:\Program Files\Intel\WiFi\bin\;C:\Program Files\Common Files\Intel\WirelessCommon\;C:\Program Files\dotnet\;C:\WINDOWS\System32\OpenSSH\;T:\emacs-26.2-x86_64\bin;C:\Go\bin;T:\Anaconda3\python.exe;T:\Anaconda3\Library\bin;C:\Program Files\nodejs\;C:\Program Files (x86)\dotnet\;C:\Program Files\Git\cmd;T:\sqlite;C:\Program Files\Calibre2\;T:\PostgreSQL\14\bin;T:\PostgreSQL\14\lib;T:\python310\Scripts\;T:\python310\;C:\Users\ocean\AppData\Local\Programs\Python\Launcher\;T:\Anaconda3\python.exe;C:\Program Files\Git\bin;C:\Users\ocean\AppData\Roaming\npm;C:\Users\ocean\AppData\Local\GitHubDesktop\bin;C:\Users\ocean\AppData\Local\Microsoft\WindowsApps;T:\Program Files (x86)\Microsoft VS Code\Microsoft VS Code\bin;T:\sqlite;T:\JetBrains\2022.3.2\IntelliJ IDEA Community Edition 2022.3.2\bin;;
USERNAME=ocean
OS=Windows_NT
PROCESSOR_IDENTIFIER=Intel64 Family 6 Model 142 Stepping 10, GenuineIntel



---------------  S Y S T E M  ---------------

OS:
 Windows 10 , 64 bit Build 19041 (10.0.19041.1889)
OS uptime: 3 days 1:39 hours
Hyper-V role detected

CPU: total 8 (initial active 8) (4 cores per cpu, 2 threads per core) family 6 model 142 stepping 10 microcode 0xb4, cx8, cmov, fxsr, ht, mmx, 3dnowpref, sse, sse2, sse3, ssse3, sse4.1, sse4.2, popcnt, lzcnt, tsc, tscinvbit, avx, avx2, aes, erms, clmul, bmi1, bmi2, adx, fma, vzeroupper, clflush, clflushopt, hv

Memory: 4k page, system-wide physical 16217M (2978M free)
TotalPageFile size 39735M (AvailPageFile size 92M)
current process WorkingSet (physical memory assigned to process): 10M, peak: 10M
current process commit charge ("private bytes"): 60M, peak: 314M

vm_info: OpenJDK 64-Bit Server VM (16.0.2+7) for windows-amd64 JRE (16.0.2+7), built on Jul 22 2021 15:19:09 by "" with MS VC++ 16.7 (VS2019)

END.
